2025-11-27 15:19:19,877 - __main__ - INFO - Player: Marius turn.
2025-11-27 15:19:19,877 - __main__ - INFO - Card drawn: second_chance
2025-11-27 15:19:19,877 - __main__ - INFO - Player Marius received second chance special card.
2025-11-27 15:19:19,877 - __main__ - INFO - len deck remaining: 93.
2025-11-27 15:19:19,877 - __main__ - INFO - Player: Thea turn.
2025-11-27 15:19:19,877 - __main__ - INFO - Card drawn: 8
2025-11-27 15:19:19,878 - __main__ - INFO - len deck remaining: 92.
2025-11-27 15:19:19,878 - __main__ - INFO - Player: Marius turn.
2025-11-27 15:19:19,878 - __main__ - INFO - Card drawn: 9
2025-11-27 15:19:19,878 - __main__ - INFO - len deck remaining: 91.
2025-11-27 15:19:19,878 - __main__ - INFO - Player: Thea turn.
2025-11-27 15:19:19,878 - __main__ - INFO - Card drawn: 3
2025-11-27 15:19:19,878 - __main__ - INFO - len deck remaining: 90.
2025-11-27 15:19:19,878 - __main__ - INFO - Player: Marius turn.
2025-11-27 15:19:19,878 - __main__ - INFO - Card drawn: draw_3
2025-11-27 15:19:19,878 - __main__ - INFO - Player Marius chose to give draw 3 to Player Marius.
2025-11-27 15:19:19,878 - __main__ - INFO - Card drawn: freeze
2025-11-27 15:19:19,878 - __main__ - INFO - Player Marius chose to freeze Player Thea.
2025-11-27 15:19:19,878 - __main__ - INFO - Player Thea has been frozen and cannot draw more cards this round.
2025-11-27 15:19:19,878 - __main__ - INFO - Card drawn: 11
2025-11-27 15:19:19,879 - __main__ - INFO - Card drawn: 11
2025-11-27 15:19:19,879 - __main__ - INFO - Player Marius busted but used second chance.
2025-11-27 15:19:19,879 - __main__ - INFO - len deck remaining: 86.
2025-11-27 15:19:19,879 - __main__ - INFO - len deck remaining: 86.
2025-11-27 15:19:19,879 - __main__ - INFO - Player: Marius turn.
2025-11-27 15:19:19,879 - __main__ - INFO - Card drawn: 11
2025-11-27 15:19:19,879 - __main__ - INFO - Player Marius busted.
2025-11-27 15:19:19,879 - __main__ - INFO - len deck remaining: 85.
2025-11-27 15:19:19,879 - __main__ - INFO - Player scores:
2025-11-27 15:19:19,879 - __main__ - INFO - Player Thea score: 11 hand: ['8', '3'] bonus: [] special_cards_log: [] busted: False
2025-11-27 15:19:19,879 - __main__ - INFO - Player Marius score: 0 hand: ['9', '11', '11'] bonus: [] special_cards_log: ['second_chance', 'draw_3', 'freeze'] busted: True
